# JRE version: Java(TM) SE Runtime Environment (8.0_60-b27) (build 1.8.0_60-b27)
# Java VM: Java HotSpot(TM) 64-Bit Server VM (25.60-b23 mixed mode windows-amd64 compressed oops)
Heap:
 PSYoungGen      total 45568K, used 41764K [0x00000000d5700000, 0x00000000daa80000, 0x0000000100000000)
  eden space 21504K, 93% used [0x00000000d5700000,0x00000000d6aa9150,0x00000000d6c00000)
  from space 24064K, 89% used [0x00000000d6c00000,0x00000000d8120000,0x00000000d8380000)
  to   space 26112K, 0% used [0x00000000d9100000,0x00000000d9100000,0x00000000daa80000)
 ParOldGen       total 89600K, used 46338K [0x0000000080400000, 0x0000000085b80000, 0x00000000d5700000)
  object space 89600K, 51% used [0x0000000080400000,0x0000000083140b20,0x0000000085b80000)
 Metaspace       used 25445K, capacity 26870K, committed 27008K, reserved 1073152K
  class space    used 3379K, capacity 3665K, committed 3712K, reserved 1048576K
GC Heap History (10 events):
Event: 146.019 GC heap before
{Heap before GC invocations=9 (full 1):
 PSYoungGen      total 44544K, used 43661K [0x00000000d5700000, 0x00000000d9400000, 0x0000000100000000)
  eden space 29696K, 100% used [0x00000000d5700000,0x00000000d7400000,0x00000000d7400000)
  from space 14848K, 94% used [0x00000000d7480000,0x00000000d8223790,0x00000000d8300000)
  to   space 16384K, 0% used [0x00000000d8400000,0x00000000d8400000,0x00000000d9400000)
 ParOldGen       total 49664K, used 21099K [0x0000000080400000, 0x0000000083480000, 0x00000000d5700000)
  object space 49664K, 42% used [0x0000000080400000,0x000000008189ace8,0x0000000083480000)
 Metaspace       used 25190K, capacity 26572K, committed 26752K, reserved 1073152K
  class space    used 3362K, capacity 3658K, committed 3712K, reserved 1048576K
Event: 146.033 GC heap after
Heap after GC invocations=9 (full 1):
 PSYoungGen      total 45568K, used 12955K [0x00000000d5700000, 0x00000000d9480000, 0x0000000100000000)
  eden space 29184K, 0% used [0x00000000d5700000,0x00000000d5700000,0x00000000d7380000)
  from space 16384K, 79% used [0x00000000d8400000,0x00000000d90a6c70,0x00000000d9400000)
  to   space 16896K, 0% used [0x00000000d7380000,0x00000000d7380000,0x00000000d8400000)
 ParOldGen       total 49664K, used 24546K [0x0000000080400000, 0x0000000083480000, 0x00000000d5700000)
  object space 49664K, 49% used [0x0000000080400000,0x0000000081bf8b28,0x0000000083480000)
 Metaspace       used 25190K, capacity 26572K, committed 26752K, reserved 1073152K
  class space    used 3362K, capacity 3658K, committed 3712K, reserved 1048576K
}
Event: 171.371 GC heap before
{Heap before GC invocations=10 (full 1):
 PSYoungGen      total 45568K, used 42139K [0x00000000d5700000, 0x00000000d9480000, 0x0000000100000000)
  eden space 29184K, 100% used [0x00000000d5700000,0x00000000d7380000,0x00000000d7380000)
  from space 16384K, 79% used [0x00000000d8400000,0x00000000d90a6c70,0x00000000d9400000)
  to   space 16896K, 0% used [0x00000000d7380000,0x00000000d7380000,0x00000000d8400000)
 ParOldGen       total 49664K, used 24546K [0x0000000080400000, 0x0000000083480000, 0x00000000d5700000)
  object space 49664K, 49% used [0x0000000080400000,0x0000000081bf8b28,0x0000000083480000)
 Metaspace       used 25422K, capacity 26870K, committed 27008K, reserved 1073152K
  class space    used 3379K, capacity 3665K, committed 3712K, reserved 1048576K
Event: 171.377 GC heap after
Heap after GC invocations=10 (full 1):
 PSYoungGen      total 36864K, used 7770K [0x00000000d5700000, 0x00000000d9400000, 0x0000000100000000)
  eden space 28672K, 0% used [0x00000000d5700000,0x00000000d5700000,0x00000000d7300000)
  from space 8192K, 94% used [0x00000000d7380000,0x00000000d7b168d0,0x00000000d7b80000)
  to   space 16896K, 0% used [0x00000000d8380000,0x00000000d8380000,0x00000000d9400000)
 ParOldGen       total 49664K, used 28008K [0x0000000080400000, 0x0000000083480000, 0x00000000d5700000)
  object space 49664K, 56% used [0x0000000080400000,0x0000000081f5a098,0x0000000083480000)
 Metaspace       used 25422K, capacity 26870K, committed 27008K, reserved 1073152K
  class space    used 3379K, capacity 3665K, committed 3712K, reserved 1048576K
}
Event: 174.217 GC heap before
{Heap before GC invocations=11 (full 1):
 PSYoungGen      total 36864K, used 36442K [0x00000000d5700000, 0x00000000d9400000, 0x0000000100000000)
  eden space 28672K, 100% used [0x00000000d5700000,0x00000000d7300000,0x00000000d7300000)
  from space 8192K, 94% used [0x00000000d7380000,0x00000000d7b168d0,0x00000000d7b80000)
  to   space 16896K, 0% used [0x00000000d8380000,0x00000000d8380000,0x00000000d9400000)
 ParOldGen       total 49664K, used 28008K [0x0000000080400000, 0x0000000083480000, 0x00000000d5700000)
  object space 49664K, 56% used [0x0000000080400000,0x0000000081f5a098,0x0000000083480000)
 Metaspace       used 25445K, capacity 26870K, committed 27008K, reserved 1073152K
  class space    used 3379K, capacity 3665K, committed 3712K, reserved 1048576K
Event: 174.243 GC heap after
Heap after GC invocations=11 (full 1):
 PSYoungGen      total 38400K, used 16874K [0x00000000d5700000, 0x00000000da180000, 0x0000000100000000)
  eden space 21504K, 0% used [0x00000000d5700000,0x00000000d5700000,0x00000000d6c00000)
  from space 16896K, 99% used [0x00000000d8380000,0x00000000d93faa60,0x00000000d9400000)
  to   space 24064K, 0% used [0x00000000d6c00000,0x00000000d6c00000,0x00000000d8380000)
 ParOldGen       total 49664K, used 42049K [0x0000000080400000, 0x0000000083480000, 0x00000000d5700000)
  object space 49664K, 84% used [0x0000000080400000,0x0000000082d105a0,0x0000000083480000)
 Metaspace       used 25445K, capacity 26870K, committed 27008K, reserved 1073152K
  class space    used 3379K, capacity 3665K, committed 3712K, reserved 1048576K
}
Event: 174.243 GC heap before
{Heap before GC invocations=12 (full 2):
 PSYoungGen      total 38400K, used 16874K [0x00000000d5700000, 0x00000000da180000, 0x0000000100000000)
  eden space 21504K, 0% used [0x00000000d5700000,0x00000000d5700000,0x00000000d6c00000)
  from space 16896K, 99% used [0x00000000d8380000,0x00000000d93faa60,0x00000000d9400000)
  to   space 24064K, 0% used [0x00000000d6c00000,0x00000000d6c00000,0x00000000d8380000)
 ParOldGen       total 49664K, used 42049K [0x0000000080400000, 0x0000000083480000, 0x00000000d5700000)
  object space 49664K, 84% used [0x0000000080400000,0x0000000082d105a0,0x0000000083480000)
 Metaspace       used 25445K, capacity 26870K, committed 27008K, reserved 1073152K
  class space    used 3379K, capacity 3665K, committed 3712K, reserved 1048576K
Event: 174.377 GC heap after
Heap after GC invocations=12 (full 2):
 PSYoungGen      total 38400K, used 0K [0x00000000d5700000, 0x00000000da180000, 0x0000000100000000)
  eden space 21504K, 0% used [0x00000000d5700000,0x00000000d5700000,0x00000000d6c00000)
  from space 16896K, 0% used [0x00000000d8380000,0x00000000d8380000,0x00000000d9400000)
  to   space 24064K, 0% used [0x00000000d6c00000,0x00000000d6c00000,0x00000000d8380000)
 ParOldGen       total 89600K, used 46338K [0x0000000080400000, 0x0000000085b80000, 0x00000000d5700000)
  object space 89600K, 51% used [0x0000000080400000,0x0000000083140b20,0x0000000085b80000)
 Metaspace       used 25445K, capacity 26870K, committed 27008K, reserved 1073152K
  class space    used 3379K, capacity 3665K, committed 3712K, reserved 1048576K
}
Event: 175.261 GC heap before
{Heap before GC invocations=13 (full 2):
 PSYoungGen      total 38400K, used 21504K [0x00000000d5700000, 0x00000000da180000, 0x0000000100000000)
  eden space 21504K, 100% used [0x00000000d5700000,0x00000000d6c00000,0x00000000d6c00000)
  from space 16896K, 0% used [0x00000000d8380000,0x00000000d8380000,0x00000000d9400000)
  to   space 24064K, 0% used [0x00000000d6c00000,0x00000000d6c00000,0x00000000d8380000)
 ParOldGen       total 89600K, used 46338K [0x0000000080400000, 0x0000000085b80000, 0x00000000d5700000)
  object space 89600K, 51% used [0x0000000080400000,0x0000000083140b20,0x0000000085b80000)
 Metaspace       used 25445K, capacity 26870K, committed 27008K, reserved 1073152K
  class space    used 3379K, capacity 3665K, committed 3712K, reserved 1048576K
Event: 175.289 GC heap after
Heap after GC invocations=13 (full 2):
 PSYoungGen      total 45568K, used 21632K [0x00000000d5700000, 0x00000000daa80000, 0x0000000100000000)
  eden space 21504K, 0% used [0x00000000d5700000,0x00000000d5700000,0x00000000d6c00000)
  from space 24064K, 89% used [0x00000000d6c00000,0x00000000d8120000,0x00000000d8380000)
  to   space 26112K, 0% used [0x00000000d9100000,0x00000000d9100000,0x00000000daa80000)
 ParOldGen       total 89600K, used 46338K [0x0000000080400000, 0x0000000085b80000, 0x00000000d5700000)
  object space 89600K, 51% used [0x0000000080400000,0x0000000083140b20,0x0000000085b80000)
 Metaspace       used 25445K, capacity 26870K, committed 27008K, reserved 1073152K
  class space    used 3379K, capacity 3665K, committed 3712K, reserved 1048576K
}

